c:\users\svetlana\desktop\jednacina\j\x64\debug\vc140.pdb
c:\users\svetlana\desktop\jednacina\j\x64\debug\myform.obj
c:\users\svetlana\desktop\jednacina\j\x64\debug\jednacina.obj
c:\users\svetlana\desktop\jednacina\j\x64\debug\prepoznavanjejednacine.obj
c:\users\svetlana\desktop\jednacina\j\x64\debug\.netframework,version=v4.5.2.assemblyattributes.obj
c:\users\svetlana\desktop\jednacina\j\x64\debug\.netframework,version=v4.5.2.assemblyattributes.asm
c:\users\svetlana\desktop\jednacina\j\x64\debug\j.myform.resources
c:\users\svetlana\desktop\jednacina\j\x64\debug\j.exe
c:\users\svetlana\desktop\jednacina\j\x64\debug\j.pdb
c:\users\svetlana\desktop\jednacina\j\x64\debug\j.vcxproj.generateresource.cache
c:\users\svetlana\desktop\jednacina\j\x64\debug\j.vcxprojresolveassemblyreference.cache
c:\users\svetlana\desktop\jednacina\j\x64\debug\j.exe.metagen
c:\users\svetlana\desktop\jednacina\j\x64\debug\j.tlog\cl.command.1.tlog
c:\users\svetlana\desktop\jednacina\j\x64\debug\j.tlog\cl.read.1.tlog
c:\users\svetlana\desktop\jednacina\j\x64\debug\j.tlog\cl.write.1.tlog
c:\users\svetlana\desktop\jednacina\j\x64\debug\j.tlog\j.write.1u.tlog
c:\users\svetlana\desktop\jednacina\j\x64\debug\j.tlog\link.command.1.tlog
c:\users\svetlana\desktop\jednacina\j\x64\debug\j.tlog\link.read.1.tlog
c:\users\svetlana\desktop\jednacina\j\x64\debug\j.tlog\link.write.1.tlog
c:\users\svetlana\desktop\jednacina\j\x64\debug\j.tlog\metagen.read.1.tlog
c:\users\svetlana\desktop\jednacina\j\x64\debug\j.tlog\metagen.write.1.tlog
c:\users\svetlana\desktop\jednacina\j\x64\debug\j.tlog\tzres.dll.bi
